ffmpeg started on 2025-01-16 at 15:35:50
Report written to "ffmpeg-20250116-153550.log"
Command line:
/usr/bin/ffmpeg -i /workspaces/EarTrainer/uploads/088b1c77-00b9-4457-b026-49ba8634f5d0.mp3 -y -acodec libmp3lame -b:a 192k -filter_complex "anoisesrc=d=196.96:sample_rate=44100:channel_layout=stereo[noise];[0:a][noise]amix=inputs=2:duration=shortest" -report /workspaces/EarTrainer/processed/088b1c77-00b9-4457-b026-49ba8634f5d0-processed.wav
ffmpeg version 4.2.7-0ubuntu0.1 Copyright (c) 2000-2022 the FFmpeg developers
  built with gcc 9 (Ubuntu 9.4.0-1ubuntu1~20.04.1)
  configuration: --prefix=/usr --extra-version=0ubuntu0.1 --toolchain=hardened --libdir=/usr/lib/x86_64-linux-gnu --incdir=/usr/include/x86_64-linux-gnu --arch=amd64 --enable-gpl --disable-stripping --enable-avresample --disable-filter=resample --enable-avisynth --enable-gnutls --enable-ladspa --enable-libaom --enable-libass --enable-libbluray --enable-libbs2b --enable-libcaca --enable-libcdio --enable-libcodec2 --enable-libflite --enable-libfontconfig --enable-libfreetype --enable-libfribidi --enable-libgme --enable-libgsm --enable-libjack --enable-libmp3lame --enable-libmysofa --enable-libopenjpeg --enable-libopenmpt --enable-libopus --enable-libpulse --enable-librsvg --enable-librubberband --enable-libshine --enable-libsnappy --enable-libsoxr --enable-libspeex --enable-libssh --enable-libtheora --enable-libtwolame --enable-libvidstab --enable-libvorbis --enable-libvpx --enable-libwavpack --enable-libwebp --enable-libx265 --enable-libxml2 --enable-libxvid --enable-libzmq --enable-libzvbi --enable-lv2 --ena  libavutil      56. 31.100 / 56. 31.100
  libavcodec     58. 54.100 / 58. 54.100
  libavformat    58. 29.100 / 58. 29.100
  libavdevice    58.  8.100 / 58.  8.100
  libavfilter     7. 57.100 /  7. 57.100
  libavresample   4.  0.  0 /  4.  0.  0
  libswscale      5.  5.100 /  5.  5.100
  libswresample   3.  5.100 /  3.  5.100
  libpostproc    55.  5.100 / 55.  5.100
Splitting the commandline.
Reading option '-i' ... matched as input url with argument '/workspaces/EarTrainer/uploads/088b1c77-00b9-4457-b026-49ba8634f5d0.mp3'.
Reading option '-y' ... matched as option 'y' (overwrite output files) with argument '1'.
Reading option '-acodec' ... matched as option 'acodec' (force audio codec ('copy' to copy stream)) with argument 'libmp3lame'.
Reading option '-b:a' ... matched as option 'b' (video bitrate (please use -b:v)) with argument '192k'.
Reading option '-filter_complex' ... matched as option 'filter_complex' (create a complex filtergraph) with argument 'anoisesrc=d=196.96:sample_rate=44100:channel_layout=stereo[noise];[0:a][noise]amix=inputs=2:duration=shortest'.
Reading option '-report' ... matched as option 'report' (generate a report) with argument '1'.
Reading option '/workspaces/EarTrainer/processed/088b1c77-00b9-4457-b026-49ba8634f5d0-processed.wav' ... matched as output url.
Finished splitting the commandline.
Parsing a group of options: global .
Applying option y (overwrite output files) with argument 1.
Applying option filter_complex (create a complex filtergraph) with argument anoisesrc=d=196.96:sample_rate=44100:channel_layout=stereo[noise];[0:a][noise]amix=inputs=2:duration=shortest.
Applying option report (generate a report) with argument 1.
Successfully parsed a group of options.
Parsing a group of options: input url /workspaces/EarTrainer/uploads/088b1c77-00b9-4457-b026-49ba8634f5d0.mp3.
Successfully parsed a group of options.
Opening an input file: /workspaces/EarTrainer/uploads/088b1c77-00b9-4457-b026-49ba8634f5d0.mp3.
[NULL @ 0x5b2699f96840] Opening '/workspaces/EarTrainer/uploads/088b1c77-00b9-4457-b026-49ba8634f5d0.mp3' for reading
[file @ 0x5b2699f972c0] Setting default whitelist 'file,crypto'
[mp3 @ 0x5b2699f96840] Format mp3 probed with size=8192 and score=51
id3v2 ver:4 flags:00 len:128
[mp3 @ 0x5b2699f96840] pad 576 960
[mp3 @ 0x5b2699f96840] Skipping 0 bytes of junk at 764.
[mp3 @ 0x5b2699f96840] Before avformat_find_stream_info() pos: 764 bytes read:32768 seeks:0 nb_streams:1
[mp3 @ 0x5b2699f96840] demuxer injecting skip 1105 / discard 0
[mp3float @ 0x5b2699f99200] skip 1105 / discard 0 samples due to side data
[mp3float @ 0x5b2699f99200] skip 1105/1152 samples
[mp3 @ 0x5b2699f96840] All info found
[mp3 @ 0x5b2699f96840] After avformat_find_stream_info() pos: 32508 bytes read:32768 seeks:0 frames:50
Input #0, mp3, from '/workspaces/EarTrainer/uploads/088b1c77-00b9-4457-b026-49ba8634f5d0.mp3':
  Metadata:
    major_brand     : mp42
    minor_version   : 0
    compatible_brands: isommp42
    encoder         : Lavf57.56.101
  Duration: 00:03:16.96, start: 0.025057, bitrate: 192 kb/s
    Stream #0:0, 50, 1/14112000: Audio: mp3, 44100 Hz, stereo, fltp, 192 kb/s
    Metadata:
      encoder         : Lavc57.64
Successfully opened the file.
[Parsed_anoisesrc_0 @ 0x5b2699f9a940] Setting 'd' to value '196.96'
[Parsed_anoisesrc_0 @ 0x5b2699f9a940] Setting 'sample_rate' to value '44100'
[Parsed_anoisesrc_0 @ 0x5b2699f9a940] Setting 'channel_layout' to value 'stereo'
[Parsed_anoisesrc_0 @ 0x5b2699f9a940] Option 'channel_layout' not found
[AVFilterGraph @ 0x5b2699f9b680] Error initializing filter 'anoisesrc' with args 'd=196.96:sample_rate=44100:channel_layout=stereo'
Error initializing complex filters.
Option not found
[AVIOContext @ 0x5b2699f9f680] Statistics: 32768 bytes read, 0 seeks
